<?xml version="1.0" encoding="UTF-8"?>
<!-- Generated by org.testng.reporters.JUnitReportReporter -->
<testsuite hostname="DESKTOP-KRVQJFM" name="com.crm.qa.testcases.HomePageTest" tests="3" failures="0" timestamp="20 Dec 2019 07:19:43 GMT" time="94.738" errors="0">
  <testcase name="verifyHotelsLinkTest" time="39.065" classname="com.crm.qa.testcases.HomePageTest"/>
  <testcase name="verifyUserNameTest" time="28.465" classname="com.crm.qa.testcases.HomePageTest"/>
  <testcase name="verifyHomePageTitleTest" time="27.208" classname="com.crm.qa.testcases.HomePageTest"/>
</testsuite> <!-- com.crm.qa.testcases.HomePageTest -->
