<?xml version="1.0" encoding="UTF-8"?>
<!-- Generated by org.testng.reporters.JUnitReportReporter -->
<testsuite hostname="DESKTOP-KRVQJFM" name="com.crm.qa.testcases.LoginPageTest_N" tests="1" failures="0" timestamp="15 Dec 2019 11:46:33 GMT" time="15.709" errors="0">
  <testcase name="loginPageTitleTest" time="15.709" classname="com.crm.qa.testcases.LoginPageTest_N"/>
</testsuite> <!-- com.crm.qa.testcases.LoginPageTest_N -->
